#
# There is insufficient memory for the Java Runtime Environment to continue.
# Native memory allocation (malloc) failed to allocate 1048576 bytes for AllocateHeap
# Possible reasons:
#   The system is out of physical RAM or swap space
#   In 32 bit mode, the process size limit was hit
# Possible solutions:
#   Reduce memory load on the system
#   Increase physical memory or swap space
#   Check if swap backing store is full
#   Use 64 bit Java on a 64 bit OS
#   Decrease Java heap size (-Xmx/-Xms)
#   Decrease number of Java threads
#   Decrease Java thread stack sizes (-Xss)
#   Set larger code cache with -XX:ReservedCodeCacheSize=
# This output file may be truncated or incomplete.
#
#  Out of Memory Error (memory/allocation.inline.hpp:61), pid=4268, tid=3400
#
# JRE version:  (7.0_71-b14) (build )
# Java VM: Java HotSpot(TM) 64-Bit Server VM (24.71-b01 mixed mode windows-amd64 compressed oops)
# Failed to write core dump. Minidumps are not enabled by default on client versions of Windows
#

---------------  T H R E A D  ---------------

Current thread (0x000000000243e000):  JavaThread "Unknown thread" [_thread_in_vm, id=3400, stack(0x0000000002740000,0x0000000002840000)]

Stack: [0x0000000002740000,0x0000000002840000]
[error occurred during error reporting (printing stack bounds), id 0xc0000005]


---------------  P R O C E S S  ---------------

Java Threads: ( => current thread )

Other Threads:

=>0x000000000243e000 (exited) JavaThread "Unknown thread" [_thread_in_vm, id=3400, stack(0x0000000002740000,0x0000000002840000)]

VM state:not at safepoint (normal execution)

VM Mutex/Monitor currently owned by a thread: None

Heap
 PSYoungGen      total 38400K, used 665K [0x00000000eaa80000, 0x00000000ed500000, 0x0000000100000000)
  eden space 33280K, 2% used [0x00000000eaa80000,0x00000000eab266b8,0x00000000ecb00000)
  from space 5120K, 0% used [0x00000000ed000000,0x00000000ed000000,0x00000000ed500000)
  to   space 5120K, 0% used [0x00000000ecb00000,0x00000000ecb00000,0x00000000ed000000)
 ParOldGen       total 87040K, used 0K [0x00000000c0000000, 0x00000000c5500000, 0x00000000eaa80000)
  object space 87040K, 0% used [0x00000000c0000000,0x00000000c0000000,0x00000000c5500000)
 PSPermGen       total 21504K, used 694K [0x00000000bae00000, 0x00000000bc300000, 0x00000000c0000000)
  object space 21504K, 3% used [0x00000000bae00000,0x00000000baead9f8,0x00000000bc300000)

Card table byte_map: [0x0000000005840000,0x0000000005a70000] byte_map_base: 0x0000000005269000

Polling page: 0x0000000000130000

Code Cache  [0x0000000002840000, 0x0000000002ab0000, 0x0000000005840000)
 total_blobs=37 nmethods=0 adapters=20 free_code_cache=48890Kb largest_free_block=50063104

Compilation events (0 events):
No events

GC Heap History (0 events):
No events

Deoptimization events (0 events):
No events

Internal exceptions (0 events):
No events

Events (10 events):
Event: 0.020 loading class 0x0000000008ca03e0
Event: 0.020 loading class 0x0000000008ca03e0 done
Event: 0.020 loading class 0x0000000008ca0430
Event: 0.020 loading class 0x0000000008ca0430 done
Event: 0.020 loading class 0x0000000008ca0480
Event: 0.020 loading class 0x0000000008ca0480 done
Event: 0.021 loading class 0x0000000008ca11e0
Event: 0.021 loading class 0x0000000008ca11e0 done
Event: 0.021 loading class 0x0000000008ca0e00
Event: 0.021 loading class 0x0000000008ca0e00 done


Dynamic libraries:
0x000000013f5f0000 - 0x000000013f623000 	C:\Program Files\Java\jdk1.7.0_71\bin\java.exe
0x00000000778a0000 - 0x0000000077a48000 	C:\Windows\SYSTEM32\ntdll.dll
0x0000000077780000 - 0x000000007789f000 	C:\Windows\system32\kernel32.dll
0x000007fefd980000 - 0x000007fefd9ec000 	C:\Windows\system32\KERNELBASE.dll
0x000007fefe420000 - 0x000007fefe4fb000 	C:\Windows\system32\ADVAPI32.dll
0x000007fefe1e0000 - 0x000007fefe27f000 	C:\Windows\system32\msvcrt.dll
0x000007fefdc30000 - 0x000007fefdc4f000 	C:\Windows\SYSTEM32\sechost.dll
0x000007fefdcd0000 - 0x000007fefddfd000 	C:\Windows\system32\RPCRT4.dll
0x0000000077680000 - 0x000000007777a000 	C:\Windows\system32\USER32.dll
0x000007fefdf90000 - 0x000007fefdff7000 	C:\Windows\system32\GDI32.dll
0x000007fefe280000 - 0x000007fefe28e000 	C:\Windows\system32\LPK.dll
0x000007fefe330000 - 0x000007fefe3f9000 	C:\Windows\system32\USP10.dll
0x000007fefcf50000 - 0x000007fefd144000 	C:\Windows\WinSxS\amd64_microsoft.windows.common-controls_6595b64144ccf1df_6.0.7601.18807_none_fa381d5f175bfb52\COMCTL32.dll
0x000007fefe600000 - 0x000007fefe671000 	C:\Windows\system32\SHLWAPI.dll
0x000007fefde50000 - 0x000007fefde7e000 	C:\Windows\system32\IMM32.DLL
0x000007fefde80000 - 0x000007fefdf89000 	C:\Windows\system32\MSCTF.dll
0x00000000604d0000 - 0x00000000605a2000 	C:\Program Files\Java\jdk1.7.0_71\jre\bin\msvcr100.dll
0x0000000052ff0000 - 0x00000000537c3000 	C:\Program Files\Java\jdk1.7.0_71\jre\bin\server\jvm.dll
0x000007fefacb0000 - 0x000007fefacb9000 	C:\Windows\system32\WSOCK32.dll
0x000007fefde00000 - 0x000007fefde4d000 	C:\Windows\system32\WS2_32.dll
0x000007feff410000 - 0x000007feff418000 	C:\Windows\system32\NSI.dll
0x000007fefb410000 - 0x000007fefb44b000 	C:\Windows\system32\WINMM.dll
0x0000000077a60000 - 0x0000000077a67000 	C:\Windows\system32\PSAPI.DLL
0x0000000062550000 - 0x000000006255f000 	C:\Program Files\Java\jdk1.7.0_71\jre\bin\verify.dll
0x0000000060660000 - 0x0000000060688000 	C:\Program Files\Java\jdk1.7.0_71\jre\bin\java.dll
0x0000000060640000 - 0x0000000060655000 	C:\Program Files\Java\jdk1.7.0_71\jre\bin\zip.dll

VM Arguments:
jvm_args: -Xmx1024M -Dfile.encoding=windows-1252 -Duser.country=US -Duser.language=en -Duser.variant 
java_command: com.android.dx.command.Main --dex --output C:\Users\ian\AndroidStudioProjects\Project0MyAppPortfolio\app\build\intermediates\pre-dexed\debug\classes-9d07c2067b816d8d7248171ffd002cc8c5f6713f.jar C:\Users\ian\AndroidStudioProjects\Project0MyAppPortfolio\app\build\intermediates\exploded-aar\com.android.support\appcompat-v7\22.2.0\jars\classes.jar
Launcher Type: SUN_STANDARD

Environment Variables:
PATH=C:\Program Files (x86)\NVIDIA Corporation\PhysX\Common;C:\ProgramData\Oracle\Java\javapath;C:\Windows\system32;C:\Windows;C:\Windows\System32\Wbem;C:\Windows\System32\WindowsPowerShell\v1.0\;C:\Program Files (x86)\ATI Technologies\ATI.ACE\Core-Static;C:\Program Files (x86)\AMD\ATI.ACE\Core-Static;C:\Program Files (x86)\Windows Kits\8.1\Windows Performance Toolkit\;C:\Program Files\Microsoft SQL Server\110\Tools\Binn\;C:\Program Files (x86)\Microsoft SDKs\TypeScript\1.0\;C:\Program Files\Microsoft SQL Server\120\Tools\Binn\;C:\Program Files (x86)\GtkSharp\2.12\bin
USERNAME=ian
OS=Windows_NT
PROCESSOR_IDENTIFIER=AMD64 Family 21 Model 2 Stepping 0, AuthenticAMD



---------------  S Y S T E M  ---------------

OS: Windows 7 , 64 bit Build 7601 Service Pack 1

CPU:total 8 (8 cores per cpu, 1 threads per core) family 21 model 2 stepping 0, cmov, cx8, fxsr, mmx, sse, sse2, sse3, ssse3, sse4.1, sse4.2, popcnt, avx, aes, mmxext, 3dnowpref, lzcnt, sse4a, tsc, tscinvbit, tscinv

Memory: 4k page, physical 8358884k(1756032k free), swap 9430184k(4604k free)

vm_info: Java HotSpot(TM) 64-Bit Server VM (24.71-b01) for windows-amd64 JRE (1.7.0_71-b14), built on Sep 26 2014 16:16:12 by "java_re" with unknown MS VC++:1600

time: Mon Jun 08 15:36:12 2015
elapsed time: 0 seconds

